ISim log file
Running: F:\FPGA\GUOYUANFPGA\InstructionMem_isim_beh.exe -intstyle ise -gui -tclbatch isim.cmd -wdb F:/FPGA/GUOYUANFPGA/InstructionMem_isim_beh.wdb 
ISim P.20131013 (signature 0x8ef4fb42)
WARNING: A WEBPACK license was found.
WARNING: Please use Xilinx License Configuration Manager to check out a full ISim license.
WARNING: ISim will run in Lite mode. Please refer to the ISim documentation for more information on the differences between the Lite and the Full version.
This is a Lite version of ISim.
Time resolution is 1 ps
# onerror resume
# wave add /
# run 1000 ns
Simulator is doing circuit initialization process.
at 0 ps, Instance /instructionmem/ : Warning: There is an 'U'|'X'|'W'|'Z'|'-' in an arithmetic operand, the result will be 'X'(es).
at 0 ps, Instance /instructionmem/ : Warning: CONV_INTEGER: There is an 'U'|'X'|'W'|'Z'|'-' in an arithmetic operand, and it has been converted to 0.
Finished circuit initialization process.
# restart
# isim force add /instructionmem/changecommit 1 -radix bin
# isim force add /instructionmem/changeaddress 0 -radix hex
# isim force add /instructionmem/changeinstruction 1 -radix hex
# run 1.00us
Simulator is doing circuit initialization process.
at 0 ps, Instance /instructionmem/ : Warning: CONV_INTEGER: There is an 'U'|'X'|'W'|'Z'|'-' in an arithmetic operand, and it has been converted to 0.
Finished circuit initialization process.
at 0 ps, Instance /instructionmem/ : Warning: CONV_INTEGER: There is an 'U'|'X'|'W'|'Z'|'-' in an arithmetic operand, and it has been converted to 0.
# run 1.00us
# run 1.00us
