#-----------------------------------------------------------
# PlanAhead v14.7 (64-bit)
# Build 321239 by xbuild on Fri Sep 27 19:29:51 MDT 2013
# Start of session at: Sat Dec 10 22:23:05 2016
# Process ID: 6212
# Log file: F:/FPGA/GUOYUANFPGA/planAhead_run_1/planAhead.log
# Journal file: F:/FPGA/GUOYUANFPGA/planAhead_run_1/planAhead.jou
#-----------------------------------------------------------
INFO: [Common 17-78] Attempting to get a license: PlanAhead
INFO: [Common 17-290] Got license for PlanAhead
INFO: [Device 21-36] Loading parts and site information from C:/Xilinx/14.7/ISE_DS/PlanAhead/data/parts/arch.xml
Parsing RTL primitives file [C:/Xilinx/14.7/ISE_DS/PlanAhead/data/parts/xilinx/rtl/prims/rtl_prims.xml]
Finished parsing RTL primitives file [C:/Xilinx/14.7/ISE_DS/PlanAhead/data/parts/xilinx/rtl/prims/rtl_prims.xml]
start_gui
source F:/FPGA/GUOYUANFPGA/pa.fromNetlist.tcl
# create_project -name GUOYUANFPGA -dir "F:/FPGA/GUOYUANFPGA/planAhead_run_3" -part xc7a100tcsg324-3
create_project: Time (s): elapsed = 00:00:09 . Memory (MB): peak = 437.664 ; gain = 72.316
# set_property design_mode GateLvl [get_property srcset [current_run -impl]]
# set_property edif_top_file "F:/FPGA/GUOYUANFPGA/topdesign.ngc" [ get_property srcset [ current_run ] ]
# add_files -norecurse { {F:/FPGA/GUOYUANFPGA} }
# set_property target_constrs_file "final.ucf" [current_fileset -constrset]
Adding file 'F:/FPGA/GUOYUANFPGA/final.ucf' to fileset 'constrs_1'
# add_files [list {final.ucf}] -fileset [get_property constrset [current_run]]
# link_design
Design is defaulting to srcset: sources_1
Design is defaulting to constrset: constrs_1
Design is defaulting to project part: xc7a100tcsg324-3
INFO: [Common 17-41] Interrupt caught. Command should exit soon.
Release 14.7 - ngc2edif P.20131013 (nt64)
Copyright (c) 1995-2013 Xilinx, Inc.  All rights reserved.
Reading design topdesign.ngc ...
WARNING:NetListWriters:298 - No output is written to topdesign.xncf, ignored.
Processing design ...
   Preping design's networks ...
   Preping design's macros ...
WARNING:NetListWriters:306 - Signal bus rc5totalDesign/instruction<30 : 0> on
   block topdesign is not reconstructed, because there are some missing bus
   signals.
  finished :Prep
Writing EDIF netlist file topdesign.edif ...
ngc2edif: Total memory usage is 98708 kilobytes

Parsing EDIF File [./planAhead_run_3/GUOYUANFPGA.data/cache/topdesign_ngc_zx.edif]
INFO: [Common 17-344] 'link_design' was cancelled
INFO: [Common 17-344] 'source' was cancelled
exit
ERROR: [PlanAhead 12-106] *** Exception: ui.h.b: Found deleted key in HTclEventBroker. Verify if the classes listed here call cleanup()
HTclEvent: DEBUG_CORE_CONFIG_CHANGE   Classes: ui.views.aR 
HTclEvent: SIGNAL_BUS_MODIFY   Classes: ui.views.aR 
HTclEvent: SIGNAL_MODIFY   Classes: ui.views.aR 
HTclEvent: DEBUG_PORT_CONFIG_CHANGE   Classes: ui.views.aR 
 (See F:/FPGA/GUOYUANFPGA\planAhead_pid6212.debug)
ERROR: [Common 17-39] 'stop_gui' failed due to earlier errors.
INFO: [Common 17-206] Exiting PlanAhead at Sat Dec 10 22:26:14 2016...
INFO: [Common 17-83] Releasing license: PlanAhead
