Command line:
   RegisterFile_isim_beh.exe
     -simmode  gui
     -simrunnum  0
     -socket  60574

Sat Dec 10 19:39:40 2016


 Elaboration Time: 0.203125 sec

 Current Memory Usage: 852.496 Meg

 Total Signals          : 13
 Total Nets             : 2227
 Total Signal Drivers   : 4
 Total Blocks           : 5
 Total Primitive Blocks : 5
 Total Processes        : 4
 Total Traceable Variables  : 10
 Total Scalar Nets and Variables : 2605
Total Line Count : 8
Total Line Count : 8

 Total Simulation Time: 0.484375 sec

 Current Memory Usage: 695.996 Meg

Sat Dec 10 19:40:55 2016

