Command line:
   DataMem_isim_beh.exe
     -simmode  gui
     -simrunnum  0
     -socket  64965

Sun Dec 11 00:54:07 2016


 Elaboration Time: 0.28125 sec

 Current Memory Usage: 851.976 Meg

 Total Signals          : 10
 Total Nets             : 2276
 Total Signal Drivers   : 3
 Total Blocks           : 5
 Total Primitive Blocks : 5
 Total Processes        : 3
 Total Traceable Variables  : 10
 Total Scalar Nets and Variables : 2654
Total Line Count : 39

 Total Simulation Time: 0.296875 sec

 Current Memory Usage: 1168.12 Meg

Sun Dec 11 00:54:53 2016

